PLINK v1.90b6.25 64-bit (5 Mar 2022)
Options in effect:
  --allow-extra-chr
  --chr-set 94
  --file ../Filtering/RISG.all
  --recode vcf

Hostname: DESKTOP-9O3IIFV
Working directory: /home/angellcarrasquillo/ALC_Masters_Thesis/GeneticDiversity
Start time: Tue Nov 14 11:33:01 2023

Random number seed: 1699979581
8108 MB RAM detected; reserving 4054 MB for main workspace.
Scanning .ped file...
Possibly irregular .ped line.  Restarting scan, assuming multichar alleles.
.ped scan complete (for binary autoconversion).
Performing single-pass .bed write (64547 variants, 120 samples).
--file: plink-temporary.bed + plink-temporary.bim + plink-temporary.fam
written.
64547 variants loaded from .bim file.
120 samples (0 males, 0 females, 120 ambiguous) loaded from .fam.
Ambiguous sex IDs written to plink.nosex .
Using 1 thread (no multithreaded calculations invoked).
Before main variant filters, 120 founders and 0 nonfounders present.
Calculating allele frequencies... done.
Total genotyping rate is 0.786398.
64547 variants and 120 samples pass filters and QC.
Note: No phenotypes present.
--recode vcf to plink.vcf ... done.

End time: Tue Nov 14 11:33:02 2023
