PLINK v1.90b6.25 64-bit (5 Mar 2022)
Options in effect:
  --chr-set 94
  --file CT.uf
  --geno
  --hwe 1e-6
  --maf 0.05
  --mind
  --out CT.f
  --recode

Hostname: DESKTOP-9O3IIFV
Working directory: /home/angellcarrasquillo/ALC_Masters_Thesis/Filtering
Start time: Tue Nov 14 09:53:30 2023

Random number seed: 1699973610
8108 MB RAM detected; reserving 4054 MB for main workspace.
Scanning .ped file...
Possibly irregular .ped line.  Restarting scan, assuming multichar alleles.
.ped scan complete (for binary autoconversion).
Performing single-pass .bed write (65893 variants, 29 samples).
--file: CT.f-temporary.bed + CT.f-temporary.bim + CT.f-temporary.fam written.
65893 variants loaded from .bim file.
29 samples (0 males, 0 females, 29 ambiguous) loaded from .fam.
Ambiguous sex IDs written to CT.f.nosex .
1 sample removed due to missing genotype data (--mind).
ID written to CT.f.irem .
Using 1 thread (no multithreaded calculations invoked).
Before main variant filters, 28 founders and 0 nonfounders present.
Calculating allele frequencies... done.
Total genotyping rate in remaining samples is 0.982733.
3018 variants removed due to missing genotype data (--geno).
--hwe: 402 variants removed due to Hardy-Weinberg exact test.
11081 variants removed due to minor allele threshold(s)
(--maf/--max-maf/--mac/--max-mac).
51392 variants and 28 samples pass filters and QC.
Note: No phenotypes present.
--recode ped to CT.f.ped + CT.f.map ... done.

End time: Tue Nov 14 09:53:31 2023
