PLINK v1.90b6.25 64-bit (5 Mar 2022)
Options in effect:
  --chr-set 94
  --file MV.uf
  --geno
  --hwe 1e-6
  --maf 0.05
  --mind
  --out MV.f
  --recode

Hostname: DESKTOP-9O3IIFV
Working directory: /home/angellcarrasquillo/ALC_Masters_Thesis/Filtering
Start time: Tue Nov 14 09:53:31 2023

Random number seed: 1699973611
8108 MB RAM detected; reserving 4054 MB for main workspace.
Scanning .ped file...
Possibly irregular .ped line.  Restarting scan, assuming multichar alleles.
.ped scan complete (for binary autoconversion).
Performing single-pass .bed write (65893 variants, 24 samples).
--file: MV.f-temporary.bed + MV.f-temporary.bim + MV.f-temporary.fam written.
65893 variants loaded from .bim file.
24 samples (0 males, 0 females, 24 ambiguous) loaded from .fam.
Ambiguous sex IDs written to MV.f.nosex .
5 samples removed due to missing genotype data (--mind).
IDs written to MV.f.irem .
Using 1 thread (no multithreaded calculations invoked).
Before main variant filters, 19 founders and 0 nonfounders present.
Calculating allele frequencies... done.
Total genotyping rate in remaining samples is 0.984536.
3652 variants removed due to missing genotype data (--geno).
--hwe: 0 variants removed due to Hardy-Weinberg exact test.
11005 variants removed due to minor allele threshold(s)
(--maf/--max-maf/--mac/--max-mac).
51236 variants and 19 samples pass filters and QC.
Note: No phenotypes present.
--recode ped to MV.f.ped + MV.f.map ... done.

End time: Tue Nov 14 09:53:31 2023
