PLINK v1.90b6.25 64-bit (5 Mar 2022)
Options in effect:
  --allow-extra-chr
  --chr-set 94
  --file ../unfiltered_pop/FI.uf
  --geno 0.05
  --hwe 1e-6
  --maf 0.05
  --mind 0.05
  --out pop.f
  --recode

Hostname: DESKTOP-9O3IIFV
Working directory: /home/angellcarrasquillo/ALC_Masters_Thesis/Filtering/filtered_pop
Start time: Wed Dec 13 12:59:49 2023

Random number seed: 1702490389
8108 MB RAM detected; reserving 4054 MB for main workspace.
Scanning .ped file...
Possibly irregular .ped line.  Restarting scan, assuming multichar alleles.
.ped scan complete (for binary autoconversion).
Performing single-pass .bed write (65893 variants, 13 samples).
--file: pop.f-temporary.bed + pop.f-temporary.bim + pop.f-temporary.fam
written.
65893 variants loaded from .bim file.
13 samples (0 males, 0 females, 13 ambiguous) loaded from .fam.
Ambiguous sex IDs written to pop.f.nosex .
0 samples removed due to missing genotype data (--mind).
Using 1 thread (no multithreaded calculations invoked).
Before main variant filters, 13 founders and 0 nonfounders present.
Calculating allele frequencies... done.
Total genotyping rate is 0.984285.
9560 variants removed due to missing genotype data (--geno).
--hwe: 0 variants removed due to Hardy-Weinberg exact test.
18686 variants removed due to minor allele threshold(s)
(--maf/--max-maf/--mac/--max-mac).
37647 variants and 13 samples pass filters and QC.
Note: No phenotypes present.
--recode ped to pop.f.ped + pop.f.map ... done.

End time: Wed Dec 13 12:59:50 2023
