PLINK v1.90b7.2 64-bit (11 Dec 2023)
Options in effect:
  --file ../../Filtering/RISG.all.f
  --keep-fam ../../Filtering/FI.samples
  --out FI.f
  --recode

Hostname: CrystalBall
Working directory: /home/alcarr/ALC_Masters_Thesis/GeneticDiversity/Inbreeding
Start time: Fri Apr 12 17:38:31 2024

Random number seed: 1712957911
7731 MB RAM detected; reserving 3865 MB for main workspace.
Scanning .ped file...
Possibly irregular .ped line.  Restarting scan, assuming multichar alleles.
.ped scan complete (for binary autoconversion).
Performing single-pass .bed write (47293 variants, 114 people).
--file: FI.f-temporary.bed + FI.f-temporary.bim + FI.f-temporary.fam written.
47293 variants loaded from .bim file.
114 people (0 males, 0 females, 114 ambiguous) loaded from .fam.
Ambiguous sex IDs written to FI.f.nosex .
--keep-fam: 13 people remaining.
Using 1 thread (no multithreaded calculations invoked).
Before main variant filters, 13 founders and 0 nonfounders present.
Calculating allele frequencies... done.
Total genotyping rate in remaining samples is 0.98934.
47293 variants and 13 people pass filters and QC.
Note: No phenotypes present.
--recode ped to FI.f.ped + FI.f.map ... done.

End time: Fri Apr 12 17:38:32 2024
