PLINK v1.90b7.2 64-bit (11 Dec 2023)
Options in effect:
  --file ../../Filtering/RISG.all.f
  --keep-fam ../../Filtering/GH.samples
  --out GH.f
  --recode

Hostname: CrystalBall
Working directory: /home/alcarr/ALC_Masters_Thesis/GeneticDiversity/Inbreeding
Start time: Mon Apr 15 10:16:45 2024

Random number seed: 1713190605
7731 MB RAM detected; reserving 3865 MB for main workspace.
Scanning .ped file...
Possibly irregular .ped line.  Restarting scan, assuming multichar alleles.
.ped scan complete (for binary autoconversion).
Performing single-pass .bed write (37073 variants, 114 people).
--file: GH.f-temporary.bed + GH.f-temporary.bim + GH.f-temporary.fam written.
37073 variants loaded from .bim file.
114 people (0 males, 0 females, 114 ambiguous) loaded from .fam.
Ambiguous sex IDs written to GH.f.nosex .
--keep-fam: 30 people remaining.
Using 1 thread (no multithreaded calculations invoked).
Before main variant filters, 30 founders and 0 nonfounders present.
Calculating allele frequencies... done.
Total genotyping rate in remaining samples is 0.988946.
37073 variants and 30 people pass filters and QC.
Note: No phenotypes present.
--recode ped to GH.f.ped + GH.f.map ... done.

End time: Mon Apr 15 10:16:45 2024
