PLINK v1.90b7.2 64-bit (11 Dec 2023)
Options in effect:
  --file NEH.f
  --het
  --out NEH

Hostname: CrystalBall
Working directory: /home/alcarr/ALC_Masters_Thesis/GeneticDiversity/Inbreeding
Start time: Thu Apr 18 11:23:22 2024

Random number seed: 1713453802
7731 MB RAM detected; reserving 3865 MB for main workspace.
Scanning .ped file...
Possibly irregular .ped line.  Restarting scan, assuming multichar alleles.
.ped scan complete (for binary autoconversion).
Performing single-pass .bed write (36968 variants, 20 people).
--file: NEH-temporary.bed + NEH-temporary.bim + NEH-temporary.fam written.
36968 variants loaded from .bim file.
20 people (0 males, 0 females, 20 ambiguous) loaded from .fam.
Ambiguous sex IDs written to NEH.nosex .
Using 1 thread (no multithreaded calculations invoked).
Before main variant filters, 20 founders and 0 nonfounders present.
Calculating allele frequencies... done.
Total genotyping rate is 0.990711.
36968 variants and 20 people pass filters and QC.
Note: No phenotypes present.
--het: 34390 variants scanned, report written to NEH.het .

End time: Thu Apr 18 11:23:22 2024
