PLINK v1.90b7.2 64-bit (11 Dec 2023)
Options in effect:
  --file NR.f
  --het
  --out NR

Hostname: CrystalBall
Working directory: /home/alcarr/ALC_Masters_Thesis/GeneticDiversity/Inbreeding
Start time: Fri Apr 12 17:38:42 2024

Random number seed: 1712957922
7731 MB RAM detected; reserving 3865 MB for main workspace.
Scanning .ped file...
Possibly irregular .ped line.  Restarting scan, assuming multichar alleles.
.ped scan complete (for binary autoconversion).
Performing single-pass .bed write (47293 variants, 10 people).
--file: NR-temporary.bed + NR-temporary.bim + NR-temporary.fam written.
47293 variants loaded from .bim file.
10 people (0 males, 0 females, 10 ambiguous) loaded from .fam.
Ambiguous sex IDs written to NR.nosex .
Using 1 thread (no multithreaded calculations invoked).
Before main variant filters, 10 founders and 0 nonfounders present.
Calculating allele frequencies... done.
Total genotyping rate is 0.98789.
47293 variants and 10 people pass filters and QC.
Note: No phenotypes present.
--het: 42904 variants scanned, report written to NR.het .

End time: Fri Apr 12 17:38:42 2024
