PLINK v1.90b6.25 64-bit (5 Mar 2022)
Options in effect:
  --allow-extra-chr
  --chr-set 94
  --file ../../Filtering/RISG.all.f
  --keep-fam ../../Filtering/CT.samples
  --out CT.f
  --recode

Hostname: DESKTOP-9O3IIFV
Working directory: /home/angellcarrasquillo/ALC_Masters_Thesis/GeneticDiversity/FIS
Start time: Sat Feb  3 12:52:31 2024

Random number seed: 1706982751
8108 MB RAM detected; reserving 4054 MB for main workspace.
Scanning .ped file...
Possibly irregular .ped line.  Restarting scan, assuming multichar alleles.
.ped scan complete (for binary autoconversion).
Performing single-pass .bed write (18671 variants, 120 samples).
--file: CT.f-temporary.bed + CT.f-temporary.bim + CT.f-temporary.fam written.
18671 variants loaded from .bim file.
120 samples (0 males, 0 females, 120 ambiguous) loaded from .fam.
Ambiguous sex IDs written to CT.f.nosex .
--keep-fam: 28 samples remaining.
Using 1 thread (no multithreaded calculations invoked).
Before main variant filters, 28 founders and 0 nonfounders present.
Calculating allele frequencies... done.
Total genotyping rate in remaining samples is 0.994736.
18671 variants and 28 samples pass filters and QC.
Note: No phenotypes present.
--recode ped to CT.f.ped + CT.f.map ... done.

End time: Sat Feb  3 12:52:31 2024
