PLINK v1.90b6.25 64-bit (5 Mar 2022)
Options in effect:
  --file ../../Filtering/FIS_pop/CT.fis.f
  --het
  --out CT

Hostname: DESKTOP-9O3IIFV
Working directory: /home/angellcarrasquillo/ALC_Masters_Thesis/GeneticDiversity/FIS
Start time: Thu Dec 14 13:13:46 2023

Random number seed: 1702577626
8108 MB RAM detected; reserving 4054 MB for main workspace.
Scanning .ped file...
Possibly irregular .ped line.  Restarting scan, assuming multichar alleles.
.ped scan complete (for binary autoconversion).
Performing single-pass .bed write (28927 variants, 28 people).
--file: CT-temporary.bed + CT-temporary.bim + CT-temporary.fam written.
28927 variants loaded from .bim file.
28 people (0 males, 0 females, 28 ambiguous) loaded from .fam.
Ambiguous sex IDs written to CT.nosex .
Using 1 thread (no multithreaded calculations invoked).
Before main variant filters, 28 founders and 0 nonfounders present.
Calculating allele frequencies... done.
Total genotyping rate is 0.990546.
28927 variants and 28 people pass filters and QC.
Note: No phenotypes present.
--het: 28927 variants scanned, report written to CT.het .

End time: Thu Dec 14 13:13:46 2023
