PLINK v1.90b6.25 64-bit (5 Mar 2022)
Options in effect:
  --file ../../Filtering/FIS_pop/FI.fis.f
  --het
  --out FI

Hostname: DESKTOP-9O3IIFV
Working directory: /home/angellcarrasquillo/ALC_Masters_Thesis/GeneticDiversity/FIS
Start time: Thu Dec 14 13:13:45 2023

Random number seed: 1702577625
8108 MB RAM detected; reserving 4054 MB for main workspace.
Scanning .ped file...
Possibly irregular .ped line.  Restarting scan, assuming multichar alleles.
.ped scan complete (for binary autoconversion).
Performing single-pass .bed write (28927 variants, 13 people).
--file: FI-temporary.bed + FI-temporary.bim + FI-temporary.fam written.
28927 variants loaded from .bim file.
13 people (0 males, 0 females, 13 ambiguous) loaded from .fam.
Ambiguous sex IDs written to FI.nosex .
Using 1 thread (no multithreaded calculations invoked).
Before main variant filters, 13 founders and 0 nonfounders present.
Calculating allele frequencies... done.
Total genotyping rate is 0.992706.
28927 variants and 13 people pass filters and QC.
Note: No phenotypes present.
--het: 28927 variants scanned, report written to FI.het .

End time: Thu Dec 14 13:13:45 2023
