PLINK v1.90b6.25 64-bit (5 Mar 2022)
Options in effect:
  --file ../../Filtering/FIS_pop/MV.fis.f
  --het
  --out MV

Hostname: DESKTOP-9O3IIFV
Working directory: /home/angellcarrasquillo/ALC_Masters_Thesis/GeneticDiversity/FIS
Start time: Thu Dec 14 13:13:45 2023

Random number seed: 1702577625
8108 MB RAM detected; reserving 4054 MB for main workspace.
Scanning .ped file...
Possibly irregular .ped line.  Restarting scan, assuming multichar alleles.
.ped scan complete (for binary autoconversion).
Performing single-pass .bed write (28927 variants, 19 people).
--file: MV-temporary.bed + MV-temporary.bim + MV-temporary.fam written.
28927 variants loaded from .bim file.
19 people (0 males, 0 females, 19 ambiguous) loaded from .fam.
Ambiguous sex IDs written to MV.nosex .
Using 1 thread (no multithreaded calculations invoked).
Before main variant filters, 19 founders and 0 nonfounders present.
Calculating allele frequencies... done.
Total genotyping rate is 0.992078.
28927 variants and 19 people pass filters and QC.
Note: No phenotypes present.
--het: 28927 variants scanned, report written to MV.het .

End time: Thu Dec 14 13:13:45 2023
