PLINK v1.90b6.25 64-bit (5 Mar 2022)
Options in effect:
  --allow-extra-chr
  --chr-set 94
  --file NEH.f
  --het
  --out NEH

Hostname: DESKTOP-9O3IIFV
Working directory: /home/angellcarrasquillo/ALC_Masters_Thesis/GeneticDiversity/FIS
Start time: Sat Feb  3 12:55:08 2024

Random number seed: 1706982908
8108 MB RAM detected; reserving 4054 MB for main workspace.
Scanning .ped file...
Possibly irregular .ped line.  Restarting scan, assuming multichar alleles.
.ped scan complete (for binary autoconversion).
Performing single-pass .bed write (18671 variants, 20 samples).
--file: NEH-temporary.bed + NEH-temporary.bim + NEH-temporary.fam written.
18671 variants loaded from .bim file.
20 samples (0 males, 0 females, 20 ambiguous) loaded from .fam.
Ambiguous sex IDs written to NEH.nosex .
Using 1 thread (no multithreaded calculations invoked).
Before main variant filters, 20 founders and 0 nonfounders present.
Calculating allele frequencies... done.
Total genotyping rate is 0.995003.
18671 variants and 20 samples pass filters and QC.
Note: No phenotypes present.
--het: 18671 variants scanned, report written to NEH.het .

End time: Sat Feb  3 12:55:08 2024
