PLINK v1.90b6.25 64-bit (5 Mar 2022)
Options in effect:
  --allow-extra-chr
  --chr-set 94
  --file ../../Filtering/RISG.all
  --het
  --out RISG.FIT
  --recode

Hostname: DESKTOP-9O3IIFV
Working directory: /home/angellcarrasquillo/ALC_Masters_Thesis/GeneticDiversity/FIS
Start time: Tue Nov 14 16:22:12 2023

Random number seed: 1699996932
8108 MB RAM detected; reserving 4054 MB for main workspace.
Scanning .ped file...
Possibly irregular .ped line.  Restarting scan, assuming multichar alleles.
.ped scan complete (for binary autoconversion).
Performing single-pass .bed write (64547 variants, 120 samples).
--file: RISG.FIT-temporary.bed + RISG.FIT-temporary.bim +
RISG.FIT-temporary.fam written.
64547 variants loaded from .bim file.
120 samples (0 males, 0 females, 120 ambiguous) loaded from .fam.
Ambiguous sex IDs written to RISG.FIT.nosex .
Using 1 thread (no multithreaded calculations invoked).
Before main variant filters, 120 founders and 0 nonfounders present.
Calculating allele frequencies... done.
Total genotyping rate is 0.786398.
64547 variants and 120 samples pass filters and QC.
Note: No phenotypes present.
--recode ped to RISG.FIT.ped + RISG.FIT.map ... done.
--het: 64547 variants scanned, report written to RISG.FIT.het .

End time: Tue Nov 14 16:22:13 2023
