PLINK v1.90b6.25 64-bit (5 Mar 2022)
Options in effect:
  --allow-extra-chr
  --chr-set 94
  --file ../RISG.f
  --keep-fam ../FI.samples
  --out FI.fis.f
  --recode

Hostname: DESKTOP-9O3IIFV
Working directory: /home/angellcarrasquillo/ALC_Masters_Thesis/Filtering/FIS_pop
Start time: Thu Dec 14 11:25:41 2023

Random number seed: 1702571141
8108 MB RAM detected; reserving 4054 MB for main workspace.
Scanning .ped file...
Possibly irregular .ped line.  Restarting scan, assuming multichar alleles.
.ped scan complete (for binary autoconversion).
Performing single-pass .bed write (28927 variants, 120 samples).
--file: FI.fis.f-temporary.bed + FI.fis.f-temporary.bim +
FI.fis.f-temporary.fam written.
28927 variants loaded from .bim file.
120 samples (0 males, 0 females, 120 ambiguous) loaded from .fam.
Ambiguous sex IDs written to FI.fis.f.nosex .
--keep-fam: 13 samples remaining.
Using 1 thread (no multithreaded calculations invoked).
Before main variant filters, 13 founders and 0 nonfounders present.
Calculating allele frequencies... done.
Total genotyping rate in remaining samples is 0.992706.
28927 variants and 13 samples pass filters and QC.
Note: No phenotypes present.
--recode ped to FI.fis.f.ped + FI.fis.f.map ... done.

End time: Thu Dec 14 11:25:41 2023
