PLINK v1.90b6.25 64-bit (5 Mar 2022)
Options in effect:
  --allow-extra-chr
  --chr-set 94
  --file ../../Filtering/filtered_pop/CT.f
  --hardy
  --out CT

Hostname: DESKTOP-9O3IIFV
Working directory: /home/angellcarrasquillo/ALC_Masters_Thesis/GeneticDiversity/HWE
Start time: Wed Nov 15 11:23:54 2023

Random number seed: 1700065434
8108 MB RAM detected; reserving 4054 MB for main workspace.
Scanning .ped file...
Possibly irregular .ped line.  Restarting scan, assuming multichar alleles.
.ped scan complete (for binary autoconversion).
Performing single-pass .bed write (51392 variants, 28 samples).
--file: CT-temporary.bed + CT-temporary.bim + CT-temporary.fam written.
51392 variants loaded from .bim file.
28 samples (0 males, 0 females, 28 ambiguous) loaded from .fam.
Ambiguous sex IDs written to CT.nosex .
Using 1 thread (no multithreaded calculations invoked).
Before main variant filters, 28 founders and 0 nonfounders present.
Calculating allele frequencies... done.
Total genotyping rate is 0.989349.
--hardy: Writing Hardy-Weinberg report (founders only) to CT.hwe ... done.

End time: Wed Nov 15 11:23:55 2023
