PLINK v1.90b6.25 64-bit (5 Mar 2022)
Options in effect:
  --allow-extra-chr
  --chr-set 94
  --file ../../Filtering/filtered_pop/GH.f
  --hardy
  --out GH

Hostname: DESKTOP-9O3IIFV
Working directory: /home/angellcarrasquillo/ALC_Masters_Thesis/GeneticDiversity/HWE
Start time: Wed Nov 15 11:23:54 2023

Random number seed: 1700065434
8108 MB RAM detected; reserving 4054 MB for main workspace.
Scanning .ped file...
Possibly irregular .ped line.  Restarting scan, assuming multichar alleles.
.ped scan complete (for binary autoconversion).
Performing single-pass .bed write (52509 variants, 30 samples).
--file: GH-temporary.bed + GH-temporary.bim + GH-temporary.fam written.
52509 variants loaded from .bim file.
30 samples (0 males, 0 females, 30 ambiguous) loaded from .fam.
Ambiguous sex IDs written to GH.nosex .
Using 1 thread (no multithreaded calculations invoked).
Before main variant filters, 30 founders and 0 nonfounders present.
Calculating allele frequencies... done.
Total genotyping rate is 0.987556.
--hardy: Writing Hardy-Weinberg report (founders only) to GH.hwe ... done.

End time: Wed Nov 15 11:23:54 2023
