PLINK v1.90b6.25 64-bit (5 Mar 2022)
Options in effect:
  --allow-extra-chr
  --chr-set 94
  --file ../../Filtering/RISG.all
  --hardy
  --out RISG

Hostname: DESKTOP-9O3IIFV
Working directory: /home/angellcarrasquillo/ALC_Masters_Thesis/GeneticDiversity/HWE
Start time: Wed Nov 15 11:11:40 2023

Random number seed: 1700064700
8108 MB RAM detected; reserving 4054 MB for main workspace.
Scanning .ped file...
Possibly irregular .ped line.  Restarting scan, assuming multichar alleles.
.ped scan complete (for binary autoconversion).
Performing single-pass .bed write (64547 variants, 120 samples).
--file: RISG-temporary.bed + RISG-temporary.bim + RISG-temporary.fam written.
64547 variants loaded from .bim file.
120 samples (0 males, 0 females, 120 ambiguous) loaded from .fam.
Ambiguous sex IDs written to RISG.nosex .
Using 1 thread (no multithreaded calculations invoked).
Before main variant filters, 120 founders and 0 nonfounders present.
Calculating allele frequencies... done.
Total genotyping rate is 0.786398.
--hardy: Writing Hardy-Weinberg report (founders only) to RISG.hwe ... done.

End time: Wed Nov 15 11:11:41 2023
