PLINK v1.90b6.25 64-bit (5 Mar 2022)
Options in effect:
  --allow-extra-chr
  --chr 1-10
  --chr-set 94
  --file CT.uf
  --geno 0.05
  --hwe 1e-6
  --mind 0.05
  --out CT.f
  --recode

Hostname: DESKTOP-9O3IIFV
Working directory: /home/angellcarrasquillo/ALC_Masters_Thesis/Filtering
Start time: Fri Mar  1 13:17:27 2024

Random number seed: 1709317047
8108 MB RAM detected; reserving 4054 MB for main workspace.
Scanning .ped file...
Possibly irregular .ped line.  Restarting scan, assuming multichar alleles.
.ped scan complete (for binary autoconversion).
Performing single-pass .bed write (65862 variants, 29 samples).
--file: CT.f-temporary.bed + CT.f-temporary.bim + CT.f-temporary.fam written.
65862 variants loaded from .bim file.
29 samples (0 males, 0 females, 29 ambiguous) loaded from .fam.
Ambiguous sex IDs written to CT.f.nosex .
1 sample removed due to missing genotype data (--mind).
ID written to CT.f.irem .
Using 1 thread (no multithreaded calculations invoked).
Before main variant filters, 28 founders and 0 nonfounders present.
Calculating allele frequencies... done.
Total genotyping rate in remaining samples is 0.982732.
6535 variants removed due to missing genotype data (--geno).
--hwe: 355 variants removed due to Hardy-Weinberg exact test.
58972 variants and 28 samples pass filters and QC.
Note: No phenotypes present.
--recode ped to CT.f.ped + CT.f.map ... done.

End time: Fri Mar  1 13:17:27 2024
