PLINK v1.90b6.25 64-bit (5 Mar 2022)
Options in effect:
  --allow-extra-chr
  --chr 1-10
  --chr-set 94
  --file GH.uf
  --geno 0.05
  --hwe 1e-6
  --maf 0.05
  --mind 0.05
  --out GH.f
  --recode

Hostname: DESKTOP-9O3IIFV
Working directory: /home/angellcarrasquillo/ALC_Masters_Thesis/Filtering_Tracked
Start time: Tue Jan 23 10:40:56 2024

Random number seed: 1706024456
8108 MB RAM detected; reserving 4054 MB for main workspace.
Scanning .ped file...
Possibly irregular .ped line.  Restarting scan, assuming multichar alleles.
.ped scan complete (for binary autoconversion).
Performing single-pass .bed write (65862 variants, 30 samples).
--file: GH.f-temporary.bed + GH.f-temporary.bim + GH.f-temporary.fam written.
65862 variants loaded from .bim file.
30 samples (0 males, 0 females, 30 ambiguous) loaded from .fam.
Ambiguous sex IDs written to GH.f.nosex .
0 samples removed due to missing genotype data (--mind).
Using 1 thread (no multithreaded calculations invoked).
Before main variant filters, 30 founders and 0 nonfounders present.
Calculating allele frequencies... done.
Total genotyping rate is 0.985801.
5726 variants removed due to missing genotype data (--geno).
--hwe: 375 variants removed due to Hardy-Weinberg exact test.
11344 variants removed due to minor allele threshold(s)
(--maf/--max-maf/--mac/--max-mac).
48417 variants and 30 samples pass filters and QC.
Note: No phenotypes present.
--recode ped to GH.f.ped + GH.f.map ... done.

End time: Tue Jan 23 10:40:56 2024
