PLINK v1.90b7.2 64-bit (11 Dec 2023)
Options in effect:
  --extract plink.prune.in
  --file RISG.passQC
  --keep-fam GH.samples
  --out GH.uf
  --recode

Hostname: CrystalBall
Working directory: /home/alcarr/ALC_Masters_Thesis/Filtering
Start time: Thu Apr 18 10:48:00 2024

Random number seed: 1713451680
7731 MB RAM detected; reserving 3865 MB for main workspace.
Scanning .ped file...
Possibly irregular .ped line.  Restarting scan, assuming multichar alleles.
.ped scan complete (for binary autoconversion).
Performing single-pass .bed write (53387 variants, 114 people).
--file: GH.uf-temporary.bed + GH.uf-temporary.bim + GH.uf-temporary.fam
written.
53387 variants loaded from .bim file.
114 people (0 males, 0 females, 114 ambiguous) loaded from .fam.
Ambiguous sex IDs written to GH.uf.nosex .
--extract: 37284 variants remaining.
--keep-fam: 30 people remaining.
Using 1 thread (no multithreaded calculations invoked).
Before main variant filters, 30 founders and 0 nonfounders present.
Calculating allele frequencies... done.
Total genotyping rate in remaining samples is 0.988926.
37284 variants and 30 people pass filters and QC.
Note: No phenotypes present.
--recode ped to GH.uf.ped + GH.uf.map ... done.

End time: Thu Apr 18 10:48:00 2024
