PLINK v1.90b6.25 64-bit (5 Mar 2022)
Options in effect:
  --allow-extra-chr
  --chr 1-10
  --chr-set 94
  --file MV.uf
  --geno 0.05
  --hwe 1e-6
  --maf 0.05
  --mind 0.05
  --out MV.f
  --recode

Hostname: DESKTOP-9O3IIFV
Working directory: /home/angellcarrasquillo/ALC_Masters_Thesis/Filtering_Tracked
Start time: Tue Jan 23 10:40:55 2024

Random number seed: 1706024455
8108 MB RAM detected; reserving 4054 MB for main workspace.
Scanning .ped file...
Possibly irregular .ped line.  Restarting scan, assuming multichar alleles.
.ped scan complete (for binary autoconversion).
Performing single-pass .bed write (65862 variants, 24 samples).
--file: MV.f-temporary.bed + MV.f-temporary.bim + MV.f-temporary.fam written.
65862 variants loaded from .bim file.
24 samples (0 males, 0 females, 24 ambiguous) loaded from .fam.
Ambiguous sex IDs written to MV.f.nosex .
5 samples removed due to missing genotype data (--mind).
IDs written to MV.f.irem .
Using 1 thread (no multithreaded calculations invoked).
Before main variant filters, 19 founders and 0 nonfounders present.
Calculating allele frequencies... done.
Total genotyping rate in remaining samples is 0.984531.
13713 variants removed due to missing genotype data (--geno).
--hwe: 0 variants removed due to Hardy-Weinberg exact test.
9491 variants removed due to minor allele threshold(s)
(--maf/--max-maf/--mac/--max-mac).
42658 variants and 19 samples pass filters and QC.
Note: No phenotypes present.
--recode ped to MV.f.ped + MV.f.map ... done.

End time: Tue Jan 23 10:40:55 2024
