PLINK v1.90b7.2 64-bit (11 Dec 2023)
Options in effect:
  --allow-extra-chr
  --chr-set 94
  --file RISG.passQC
  --keep-fam MV.samples
  --out MV.uf
  --recode

Hostname: CrystalBall
Working directory: /home/alcarr/ALC_Masters_Thesis/Filtering
Start time: Fri Apr 12 16:54:06 2024

Random number seed: 1712955246
7731 MB RAM detected; reserving 3865 MB for main workspace.
Scanning .ped file...
Possibly irregular .ped line.  Restarting scan, assuming multichar alleles.
.ped scan complete (for binary autoconversion).
Performing single-pass .bed write (47655 variants, 114 samples).
--file: MV.uf-temporary.bed + MV.uf-temporary.bim + MV.uf-temporary.fam
written.
47655 variants loaded from .bim file.
114 samples (0 males, 0 females, 114 ambiguous) loaded from .fam.
Ambiguous sex IDs written to MV.uf.nosex .
--keep-fam: 19 samples remaining.
Using 1 thread (no multithreaded calculations invoked).
Before main variant filters, 19 founders and 0 nonfounders present.
Calculating allele frequencies... done.
Total genotyping rate in remaining samples is 0.989169.
47655 variants and 19 samples pass filters and QC.
Note: No phenotypes present.
--recode ped to MV.uf.ped + MV.uf.map ... done.

End time: Fri Apr 12 16:54:06 2024
