PLINK v1.90b6.25 64-bit (5 Mar 2022)
Options in effect:
  --allow-extra-chr
  --chr-set 94
  --file RISG.passQC
  --keep-fam NR.samples
  --out NR.uf
  --recode

Hostname: DESKTOP-9O3IIFV
Working directory: /home/angellcarrasquillo/ALC_Masters_Thesis/Filtering_Tracked
Start time: Tue Jan 23 10:40:41 2024

Random number seed: 1706024441
8108 MB RAM detected; reserving 4054 MB for main workspace.
Scanning .ped file...
Possibly irregular .ped line.  Restarting scan, assuming multichar alleles.
.ped scan complete (for binary autoconversion).
Performing single-pass .bed write (65893 variants, 126 samples).
--file: NR.uf-temporary.bed + NR.uf-temporary.bim + NR.uf-temporary.fam
written.
65893 variants loaded from .bim file.
126 samples (0 males, 0 females, 126 ambiguous) loaded from .fam.
Ambiguous sex IDs written to NR.uf.nosex .
--keep-fam: 10 samples remaining.
Using 1 thread (no multithreaded calculations invoked).
Before main variant filters, 10 founders and 0 nonfounders present.
Calculating allele frequencies... done.
Total genotyping rate in remaining samples is 0.98398.
65893 variants and 10 samples pass filters and QC.
Note: No phenotypes present.
--recode ped to NR.uf.ped + NR.uf.map ... done.

End time: Tue Jan 23 10:40:42 2024
