PLINK v1.90b7.2 64-bit (11 Dec 2023)
Options in effect:
  --allow-extra-chr
  --chr-set 94
  --file RISG.passQC
  --indep-pairwise 500 5 0.2

Hostname: CrystalBall
Working directory: /home/alcarr/ALC_Masters_Thesis/Filtering
Start time: Thu Apr 18 10:22:37 2024

Random number seed: 1713450157
7731 MB RAM detected; reserving 3865 MB for main workspace.
Scanning .ped file...
Possibly irregular .ped line.  Restarting scan, assuming multichar alleles.
.ped scan complete (for binary autoconversion).
Performing single-pass .bed write (53387 variants, 114 samples).
--file: plink-temporary.bed + plink-temporary.bim + plink-temporary.fam
written.
53387 variants loaded from .bim file.
114 samples (0 males, 0 females, 114 ambiguous) loaded from .fam.
Ambiguous sex IDs written to plink.nosex .
Using 1 thread (no multithreaded calculations invoked).
Before main variant filters, 114 founders and 0 nonfounders present.
Calculating allele frequencies... done.
Total genotyping rate is 0.989539.
53387 variants and 114 samples pass filters and QC.
Note: No phenotypes present.
Pruned 1529 variants from chromosome 1, leaving 3404.
Pruned 1185 variants from chromosome 2, leaving 4147.
Pruned 1570 variants from chromosome 3, leaving 4254.
Pruned 1122 variants from chromosome 4, leaving 3683.
Pruned 2858 variants from chromosome 5, leaving 5214.
Pruned 2301 variants from chromosome 6, leaving 2111.
Pruned 1236 variants from chromosome 7, leaving 3617.
Pruned 1494 variants from chromosome 8, leaving 4155.
Pruned 2181 variants from chromosome 9, leaving 5196.
Pruned 627 variants from chromosome 10, leaving 1503.
Pruning complete.  16103 of 53387 variants removed.
Marker lists written to plink.prune.in and plink.prune.out .

End time: Thu Apr 18 10:22:38 2024
