PLINK v1.90b6.25 64-bit (5 Mar 2022)
Options in effect:
  --allow-extra-chr
  --chr-set 94
  --file CT.f
  --merge-list ../Filtering/Filelist.all
  --out RISG.wild
  --recode

Hostname: DESKTOP-9O3IIFV
Working directory: /home/angellcarrasquillo/ALC_Masters_Thesis/Filtering_Tracked
Start time: Tue Jan 23 10:22:38 2024

Random number seed: 1706023358
8108 MB RAM detected; reserving 4054 MB for main workspace.
Scanning .ped file...
Possibly irregular .ped line.  Restarting scan, assuming multichar alleles.
.ped scan complete (for binary autoconversion).
Performing single-pass .bed write (48501 variants, 28 samples).
--file: RISG.wild-temporary.bed + RISG.wild-temporary.bim +
RISG.wild-temporary.fam written.
Performing single-pass merge (120 samples, 63912 variants).
Merged fileset written to RISG.wild.bed + RISG.wild.bim + RISG.wild.fam .
63912 variants loaded from .bim file.
120 samples (0 males, 0 females, 120 ambiguous) loaded from .fam.
Ambiguous sex IDs written to RISG.wild.nosex .
Using 1 thread (no multithreaded calculations invoked).
Before main variant filters, 120 founders and 0 nonfounders present.
Calculating allele frequencies... done.
Total genotyping rate is 0.729442.
63912 variants and 120 samples pass filters and QC.
Note: No phenotypes present.
--recode ped to RISG.wild.ped + RISG.wild.map ... done.

End time: Tue Jan 23 10:22:39 2024
