PLINK v1.90b6.25 64-bit (5 Mar 2022)
Options in effect:
  --allow-extra-chr
  --chr-set 94
  --file RISG.f
  --mind 0.05
  --out RISG.f
  --recode

Hostname: DESKTOP-9O3IIFV
Working directory: /home/angellcarrasquillo/ALC_Masters_Thesis/Filtering
Start time: Thu Dec 14 09:42:16 2023

Random number seed: 1702564936
8108 MB RAM detected; reserving 4054 MB for main workspace.
Scanning .ped file...
Possibly irregular .ped line.  Restarting scan, assuming multichar alleles.
.ped scan complete (for binary autoconversion).
Performing single-pass .bed write (28927 variants, 120 samples).
--file: RISG.f-temporary.bed + RISG.f-temporary.bim + RISG.f-temporary.fam
written.
28927 variants loaded from .bim file.
120 samples (0 males, 0 females, 120 ambiguous) loaded from .fam.
Ambiguous sex IDs written to RISG.f.nosex .
0 samples removed due to missing genotype data (--mind).
Using 1 thread (no multithreaded calculations invoked).
Before main variant filters, 120 founders and 0 nonfounders present.
Calculating allele frequencies... done.
Total genotyping rate is 0.99083.
28927 variants and 120 samples pass filters and QC.
Note: No phenotypes present.
--recode ped to RISG.f.ped + RISG.f.map ... done.

End time: Thu Dec 14 09:42:16 2023
