PLINK v1.90b7.2 64-bit (11 Dec 2023)
Options in effect:
  --file CT.f
  --merge-list Filelist.all
  --out RISG.all.uf
  --recode

Hostname: CrystalBall
Working directory: /home/alcarr/ALC_Masters_Thesis/Filtering
Start time: Thu Apr 18 10:26:39 2024

Random number seed: 1713450399
7731 MB RAM detected; reserving 3865 MB for main workspace.
Scanning .ped file...
Possibly irregular .ped line.  Restarting scan, assuming multichar alleles.
.ped scan complete (for binary autoconversion).
Performing single-pass .bed write (37188 variants, 22 people).
--file: RISG.all.uf-temporary.bed + RISG.all.uf-temporary.bim +
RISG.all.uf-temporary.fam written.
Performing single-pass merge (114 people, 37284 variants).
Merged fileset written to RISG.all.uf.bed + RISG.all.uf.bim + RISG.all.uf.fam .
37284 variants loaded from .bim file.
114 people (0 males, 0 females, 114 ambiguous) loaded from .fam.
Ambiguous sex IDs written to RISG.all.uf.nosex .
Using 1 thread (no multithreaded calculations invoked).
Before main variant filters, 114 founders and 0 nonfounders present.
Calculating allele frequencies... done.
Total genotyping rate is 0.986652.
37284 variants and 114 people pass filters and QC.
Note: No phenotypes present.
--recode ped to RISG.all.uf.ped + RISG.all.uf.map ... done.

End time: Thu Apr 18 10:26:40 2024
