PLINK v1.90b7.2 64-bit (11 Dec 2023)
Options in effect:
  --allow-extra-chr
  --chr-set 94
  --file RISG.all.f
  --out RISG
  --recode vcf

Hostname: CrystalBall
Working directory: /home/alcarr/ALC_Masters_Thesis/Filtering
Start time: Mon Apr 15 10:15:10 2024

Random number seed: 1713190510
7731 MB RAM detected; reserving 3865 MB for main workspace.
Scanning .ped file...
Possibly irregular .ped line.  Restarting scan, assuming multichar alleles.
.ped scan complete (for binary autoconversion).
Performing single-pass .bed write (37073 variants, 114 samples).
--file: RISG-temporary.bed + RISG-temporary.bim + RISG-temporary.fam written.
37073 variants loaded from .bim file.
114 samples (0 males, 0 females, 114 ambiguous) loaded from .fam.
Ambiguous sex IDs written to RISG.nosex .
Using 1 thread (no multithreaded calculations invoked).
Before main variant filters, 114 founders and 0 nonfounders present.
Calculating allele frequencies... done.
Total genotyping rate is 0.989023.
37073 variants and 114 samples pass filters and QC.
Note: No phenotypes present.
--recode vcf to RISG.vcf ... done.

End time: Mon Apr 15 10:15:10 2024
