PLINK v1.90b6.25 64-bit (5 Mar 2022)
Options in effect:
  --chr-set 94
  --file ../RISG_uf
  --geno 0.05
  --hwe 1e-6
  --maf 0.05
  --mind 0.05
  --out RISG_f
  --recode
  --remove FailedQC.remove

Hostname: DESKTOP-9O3IIFV
Working directory: /home/angellcarrasquillo/ALC_Masters_Thesis/Filtering
Start time: Mon Oct 16 13:36:24 2023

Random number seed: 1697477784
8108 MB RAM detected; reserving 4054 MB for main workspace.
Scanning .ped file...
Possibly irregular .ped line.  Restarting scan, assuming multichar alleles.
.ped scan complete (for binary autoconversion).
Performing single-pass .bed write (65893 variants, 129 samples).
--file: RISG_f-temporary.bed + RISG_f-temporary.bim + RISG_f-temporary.fam
written.
65893 variants loaded from .bim file.
129 samples (0 males, 0 females, 129 ambiguous) loaded from .fam.
Ambiguous sex IDs written to RISG_f.nosex .
--remove: 126 samples remaining.
6 samples removed due to missing genotype data (--mind).
IDs written to RISG_f.irem .
Using 1 thread (no multithreaded calculations invoked).
Before main variant filters, 120 founders and 0 nonfounders present.
Calculating allele frequencies... done.
Total genotyping rate in remaining samples is 0.984539.
3770 variants removed due to missing genotype data (--geno).
--hwe: 2389 variants removed due to Hardy-Weinberg exact test.
7578 variants removed due to minor allele threshold(s)
(--maf/--max-maf/--mac/--max-mac).
52156 variants and 120 samples pass filters and QC.
Note: No phenotypes present.
--recode ped to RISG_f.ped + RISG_f.map ... done.

End time: Mon Oct 16 13:36:25 2023
