PLINK v1.90b7.2 64-bit (11 Dec 2023)
Options in effect:
  --file CT.f
  --merge-list Filelist.wild
  --out RISG.wild.uf
  --recode

Hostname: CrystalBall
Working directory: /home/alcarr/ALC_Masters_Thesis/Filtering
Start time: Mon Apr 15 10:13:59 2024

Random number seed: 1713190439
7731 MB RAM detected; reserving 3865 MB for main workspace.
Scanning .ped file...
Possibly irregular .ped line.  Restarting scan, assuming multichar alleles.
.ped scan complete (for binary autoconversion).
Performing single-pass .bed write (37290 variants, 22 people).
--file: RISG.wild.uf-temporary.bed + RISG.wild.uf-temporary.bim +
RISG.wild.uf-temporary.fam written.
Performing single-pass merge (81 people, 37385 variants).
Merged fileset written to RISG.wild.uf.bed + RISG.wild.uf.bim +
RISG.wild.uf.fam .
37385 variants loaded from .bim file.
81 people (0 males, 0 females, 81 ambiguous) loaded from .fam.
Ambiguous sex IDs written to RISG.wild.uf.nosex .
Using 1 thread (no multithreaded calculations invoked).
Before main variant filters, 81 founders and 0 nonfounders present.
Calculating allele frequencies... done.
Total genotyping rate is 0.985282.
37385 variants and 81 people pass filters and QC.
Note: No phenotypes present.
--recode ped to RISG.wild.uf.ped + RISG.wild.uf.map ... done.

End time: Mon Apr 15 10:13:59 2024
