PLINK v1.90b6.25 64-bit (5 Mar 2022)
Options in effect:
  --allow-extra-chr
  --chr-set 94
  --extract SNPs.txt
  --file RISG.wild.uf
  --out RISG.wild.f
  --recode

Hostname: DESKTOP-9O3IIFV
Working directory: /home/angellcarrasquillo/ALC_Masters_Thesis/Filtering_Tracked
Start time: Tue Jan 23 10:42:32 2024

Random number seed: 1706024552
8108 MB RAM detected; reserving 4054 MB for main workspace.
Scanning .ped file...
Possibly irregular .ped line.  Restarting scan, assuming multichar alleles.
.ped scan complete (for binary autoconversion).
Performing single-pass .bed write (60362 variants, 87 samples).
--file: RISG.wild.f-temporary.bed + RISG.wild.f-temporary.bim +
RISG.wild.f-temporary.fam written.
60362 variants loaded from .bim file.
87 samples (0 males, 0 females, 87 ambiguous) loaded from .fam.
Ambiguous sex IDs written to RISG.wild.f.nosex .
--extract: 18671 variants remaining.
Warning: At least 18671 duplicate IDs in --extract file.
Using 1 thread (no multithreaded calculations invoked).
Before main variant filters, 87 founders and 0 nonfounders present.
Calculating allele frequencies... done.
Total genotyping rate is 0.996357.
18671 variants and 87 samples pass filters and QC.
Note: No phenotypes present.
--recode ped to RISG.wild.f.ped + RISG.wild.f.map ... done.

End time: Tue Jan 23 10:42:33 2024
