PLINK v1.90b6.25 64-bit (5 Mar 2022)
Options in effect:
  --chr-set 94
  --file ../RISG_uf
  --out RISG_passQC
  --recode
  --remove FailedQC.remove

Hostname: DESKTOP-9O3IIFV
Working directory: /home/angellcarrasquillo/ALC_Masters_Thesis/Filtering
Start time: Tue Nov 14 09:11:33 2023

Random number seed: 1699971093
8108 MB RAM detected; reserving 4054 MB for main workspace.
Scanning .ped file...
Possibly irregular .ped line.  Restarting scan, assuming multichar alleles.
.ped scan complete (for binary autoconversion).
Performing single-pass .bed write (65893 variants, 129 samples).
--file: RISG_passQC-temporary.bed + RISG_passQC-temporary.bim +
RISG_passQC-temporary.fam written.
65893 variants loaded from .bim file.
129 samples (0 males, 0 females, 129 ambiguous) loaded from .fam.
Ambiguous sex IDs written to RISG_passQC.nosex .
--remove: 126 samples remaining.
Using 1 thread (no multithreaded calculations invoked).
Before main variant filters, 126 founders and 0 nonfounders present.
Calculating allele frequencies... done.
Total genotyping rate in remaining samples is 0.966892.
65893 variants and 126 samples pass filters and QC.
Note: No phenotypes present.
--recode ped to RISG_passQC.ped + RISG_passQC.map ... done.

End time: Tue Nov 14 09:11:34 2023
