PLINK v1.90b6.25 64-bit (5 Mar 2022)
Options in effect:
  --allow-extra-chr
  --chr-set 94
  --file ../Filtering/RISG.all.f
  --out RISG.all
  --pca

Hostname: DESKTOP-9O3IIFV
Working directory: /home/angellcarrasquillo/ALC_Masters_Thesis/PCA
Start time: Tue Jan 23 11:03:35 2024

Random number seed: 1706025815
8108 MB RAM detected; reserving 4054 MB for main workspace.
Scanning .ped file...
Possibly irregular .ped line.  Restarting scan, assuming multichar alleles.
.ped scan complete (for binary autoconversion).
Performing single-pass .bed write (18671 variants, 120 samples).
--file: RISG.all-temporary.bed + RISG.all-temporary.bim +
RISG.all-temporary.fam written.
18671 variants loaded from .bim file.
120 samples (0 males, 0 females, 120 ambiguous) loaded from .fam.
Ambiguous sex IDs written to RISG.all.nosex .
Using up to 8 threads (change this with --threads).
Before main variant filters, 120 founders and 0 nonfounders present.
Calculating allele frequencies... done.
Total genotyping rate is 0.996526.
18671 variants and 120 samples pass filters and QC.
Note: No phenotypes present.
Relationship matrix calculation complete.
--pca: Results saved to RISG.all.eigenval and RISG.all.eigenvec .

End time: Tue Jan 23 11:03:35 2024
