PLINK v1.90b6.25 64-bit (5 Mar 2022)
Options in effect:
  --chr-set 94
  --file ../Filtering/RISG_f
  --out RISG
  --pca

Hostname: DESKTOP-9O3IIFV
Working directory: /home/angellcarrasquillo/ALC_Masters_Thesis/PCA
Start time: Mon Oct 16 14:53:46 2023

Random number seed: 1697482426
8108 MB RAM detected; reserving 4054 MB for main workspace.
Scanning .ped file...
Possibly irregular .ped line.  Restarting scan, assuming multichar alleles.
.ped scan complete (for binary autoconversion).
Performing single-pass .bed write (52156 variants, 120 samples).
--file: RISG-temporary.bed + RISG-temporary.bim + RISG-temporary.fam written.
52156 variants loaded from .bim file.
120 samples (0 males, 0 females, 120 ambiguous) loaded from .fam.
Ambiguous sex IDs written to RISG.nosex .
Using up to 8 threads (change this with --threads).
Before main variant filters, 120 founders and 0 nonfounders present.
Calculating allele frequencies... done.
Total genotyping rate is 0.989258.
52156 variants and 120 samples pass filters and QC.
Note: No phenotypes present.
Relationship matrix calculation complete.
--pca: Results saved to RISG.eigenval and RISG.eigenvec .

End time: Mon Oct 16 14:53:47 2023
