PLINK v1.90b7.2 64-bit (11 Dec 2023)
Options in effect:
  --file ../../Filtering/RISG.all.f
  --keep-fam ../../Filtering/NEH.samples
  --out NEH.f
  --recode

Hostname: CrystalBall
Working directory: /home/alcarr/ALC_Masters_Thesis/GeneticDiversity/PPL
Start time: Thu Apr 18 11:05:56 2024

Random number seed: 1713452756
7731 MB RAM detected; reserving 3865 MB for main workspace.
Scanning .ped file...
Possibly irregular .ped line.  Restarting scan, assuming multichar alleles.
.ped scan complete (for binary autoconversion).
Performing single-pass .bed write (36968 variants, 114 people).
--file: NEH.f-temporary.bed + NEH.f-temporary.bim + NEH.f-temporary.fam
written.
36968 variants loaded from .bim file.
114 people (0 males, 0 females, 114 ambiguous) loaded from .fam.
Ambiguous sex IDs written to NEH.f.nosex .
--keep-fam: 20 people remaining.
Using 1 thread (no multithreaded calculations invoked).
Before main variant filters, 20 founders and 0 nonfounders present.
Calculating allele frequencies... done.
Total genotyping rate in remaining samples is 0.990711.
36968 variants and 20 people pass filters and QC.
Note: No phenotypes present.
--recode ped to NEH.f.ped + NEH.f.map ... done.

End time: Thu Apr 18 11:05:56 2024
