PLINK v1.90b7.2 64-bit (11 Dec 2023)
Options in effect:
  --file ../../Filtering/NEH.f
  --freq
  --out NEH

Hostname: CrystalBall
Working directory: /home/alcarr/ALC_Masters_Thesis/GeneticDiversity/PPL
Start time: Mon Apr 15 10:18:28 2024

Random number seed: 1713190708
7731 MB RAM detected; reserving 3865 MB for main workspace.
Scanning .ped file...
Possibly irregular .ped line.  Restarting scan, assuming multichar alleles.
.ped scan complete (for binary autoconversion).
Performing single-pass .bed write (37385 variants, 20 people).
--file: NEH-temporary.bed + NEH-temporary.bim + NEH-temporary.fam written.
37385 variants loaded from .bim file.
20 people (0 males, 0 females, 20 ambiguous) loaded from .fam.
Ambiguous sex IDs written to NEH.nosex .
Using 1 thread (no multithreaded calculations invoked).
Before main variant filters, 20 founders and 0 nonfounders present.
Calculating allele frequencies... done.
Total genotyping rate is 0.990681.
--freq: Allele frequencies (founders only) written to NEH.frq .

End time: Mon Apr 15 10:18:28 2024
